<?xml version="1.0" encoding="UTF-8"?>
<testsuites name="TC1" time="85" tests="3" failures="0" errors="0">
   <testsuite name="TC1" tests="3" failures="0" errors="0" time="85" timestamp="2019-02-18 18:45:03" hostname="dell - computer" id="Test Suites/TC1">
      <properties>
         <property name="deviceName" value=""/>
         <property name="devicePlatform" value=""/>
         <property name="logFolder" value="C:\\Users\\dell\\Katalon Studio\\Automation\\Reports\\TC1\\20190218_184500"/>
         <property name="logFiles" value="C:\\Users\\dell\\Katalon Studio\\Automation\\Reports\\TC1\\20190218_184500\\execution0.log"/>
         <property name="attachments" value=""/>
         <property name="hostName" value="dell - computer"/>
         <property name="os" value="Windows 8.1 64bit"/>
         <property name="katalonVersion" value="5.9.1.2"/>
         <property name="browser" value="Firefox 65.0"/>
         <property name="hostAddress" value="192.168.1.146"/>
         <property name="sessionId" value="ad3c5be0-2d4c-4a96-b98f-3f19ff6e4474"/>
         <property name="seleniumVersion" value="3.7.1"/>
         <property name="proxyInformation" value="ProxyInformation{proxyOption=NO_PROXY, proxyServerType=HTTP, password=, proxyServerAddress=, proxyServerPort=0}"/>
         <property name="platform" value="Windows 8.1"/>
      </properties>
      <testcase name="Test Cases/TC3_CreateAccount" classname="Test Cases/TC3_CreateAccount" status="PASSED">
         <system-out><![CDATA[2019-02-18 18:45:04 - [TEST_CASE][PASSED] - Test Cases/TC3_CreateAccount: Test Cases/TC3_CreateAccount

2019-02-18 18:45:05 - [TEST_STEP][PASSED] - openBrowser(""): Browser is opened with url: ''

2019-02-18 18:45:05 - [MESSAGE][INFO] - Starting 'Firefox' driver

2019-02-18 18:45:05 - [MESSAGE][INFO] - Action delay is set to 0 seconds

2019-02-18 18:45:11 - [MESSAGE][PASSED] - Browser is opened with url: ''

2019-02-18 18:45:11 - [TEST_STEP][PASSED] - navigateToUrl("http://automationpractice.com/index.php"): Navigate to 'http://automationpractice.com/index.php' successfully

2019-02-18 18:45:20 - [MESSAGE][PASSED] - Navigate to 'http://automationpractice.com/index.php' successfully

2019-02-18 18:45:20 - [TEST_STEP][PASSED] - click(findTestObject("Object Repository/CreateAccount/Page_My Store/a_Sign in")): Object: 'Object Repository/CreateAccount/Page_My Store/a_Sign in' is clicked on

2019-02-18 18:45:23 - [MESSAGE][PASSED] - Object: 'Object Repository/CreateAccount/Page_My Store/a_Sign in' is clicked on

2019-02-18 18:45:23 - [TEST_STEP][PASSED] - setText(findTestObject("Object Repository/CreateAccount/Page_Login - My Store/input_Email address_email_crea"), email): Text 'Willia@rhyta.com' is set on object 'Object Repository/CreateAccount/Page_Login - My Store/input_Email address_email_crea'

2019-02-18 18:45:23 - [MESSAGE][PASSED] - Text 'Willia@rhyta.com' is set on object 'Object Repository/CreateAccount/Page_Login - My Store/input_Email address_email_crea'

2019-02-18 18:45:23 - [TEST_STEP][PASSED] - click(findTestObject("Object Repository/CreateAccount/Page_Login - My Store/button_Create an account")): Object: 'Object Repository/CreateAccount/Page_Login - My Store/button_Create an account' is clicked on

2019-02-18 18:45:23 - [MESSAGE][PASSED] - Object: 'Object Repository/CreateAccount/Page_Login - My Store/button_Create an account' is clicked on

2019-02-18 18:45:23 - [TEST_STEP][PASSED] - click(findTestObject("CreateAccount/Page_Login - My Store/input_Mr._id_gender")): Object: 'Object Repository/CreateAccount/Page_Login - My Store/input_Mr._id_gender' is clicked on

2019-02-18 18:45:25 - [MESSAGE][PASSED] - Object: 'Object Repository/CreateAccount/Page_Login - My Store/input_Mr._id_gender' is clicked on

2019-02-18 18:45:25 - [TEST_STEP][PASSED] - setText(findTestObject("Object Repository/CreateAccount/Page_Login - My Store/input__customer_firstname"), firstname): Text 'William' is set on object 'Object Repository/CreateAccount/Page_Login - My Store/input__customer_firstname'

2019-02-18 18:45:25 - [MESSAGE][PASSED] - Text 'William' is set on object 'Object Repository/CreateAccount/Page_Login - My Store/input__customer_firstname'

2019-02-18 18:45:25 - [TEST_STEP][PASSED] - setText(findTestObject("Object Repository/CreateAccount/Page_Login - My Store/input__customer_lastname"), lastname): Text 'Wiilaits' is set on object 'Object Repository/CreateAccount/Page_Login - My Store/input__customer_lastname'

2019-02-18 18:45:25 - [MESSAGE][PASSED] - Text 'Wiilaits' is set on object 'Object Repository/CreateAccount/Page_Login - My Store/input__customer_lastname'

2019-02-18 18:45:25 - [TEST_STEP][PASSED] - setText(findTestObject("Object Repository/CreateAccount/Page_Login - My Store/input__passwd"), password): Text 'suchinaik' is set on object 'Object Repository/CreateAccount/Page_Login - My Store/input__passwd'

2019-02-18 18:45:26 - [MESSAGE][PASSED] - Text 'suchinaik' is set on object 'Object Repository/CreateAccount/Page_Login - My Store/input__passwd'

2019-02-18 18:45:26 - [TEST_STEP][PASSED] - selectOptionByValue(findTestObject("Object Repository/CreateAccount/Page_Login - My Store/select_-1234567891011121314151"), birthday, true): All options with value '23' are selected in object 'Object Repository/CreateAccount/Page_Login - My Store/select_-1234567891011121314151'  using regular expression

2019-02-18 18:45:27 - [MESSAGE][PASSED] - All options with value '23' are selected in object 'Object Repository/CreateAccount/Page_Login - My Store/select_-1234567891011121314151'  using regular expression

2019-02-18 18:45:27 - [TEST_STEP][PASSED] - selectOptionByValue(findTestObject("Object Repository/CreateAccount/Page_Login - My Store/select_-JanuaryFebruaryMarchAp"), birthmonth, true): All options with value '5' are selected in object 'Object Repository/CreateAccount/Page_Login - My Store/select_-JanuaryFebruaryMarchAp'  using regular expression

2019-02-18 18:45:27 - [MESSAGE][PASSED] - All options with value '5' are selected in object 'Object Repository/CreateAccount/Page_Login - My Store/select_-JanuaryFebruaryMarchAp'  using regular expression

2019-02-18 18:45:27 - [TEST_STEP][PASSED] - selectOptionByValue(findTestObject("Object Repository/CreateAccount/Page_Login - My Store/select_-2019201820172016201520"), birthyear, true): All options with value '2019' are selected in object 'Object Repository/CreateAccount/Page_Login - My Store/select_-2019201820172016201520'  using regular expression

2019-02-18 18:45:29 - [MESSAGE][PASSED] - All options with value '2019' are selected in object 'Object Repository/CreateAccount/Page_Login - My Store/select_-2019201820172016201520'  using regular expression

2019-02-18 18:45:29 - [TEST_STEP][PASSED] - setText(findTestObject("Object Repository/CreateAccount/Page_Login - My Store/input_Company_company"), company): Text 'narola' is set on object 'Object Repository/CreateAccount/Page_Login - My Store/input_Company_company'

2019-02-18 18:45:29 - [MESSAGE][PASSED] - Text 'narola' is set on object 'Object Repository/CreateAccount/Page_Login - My Store/input_Company_company'

2019-02-18 18:45:29 - [TEST_STEP][PASSED] - setText(findTestObject("Object Repository/CreateAccount/Page_Login - My Store/input__address1"), address1): Text '1359 Graystone Lakes' is set on object 'Object Repository/CreateAccount/Page_Login - My Store/input__address1'

2019-02-18 18:45:29 - [MESSAGE][PASSED] - Text '1359 Graystone Lakes' is set on object 'Object Repository/CreateAccount/Page_Login - My Store/input__address1'

2019-02-18 18:45:29 - [TEST_STEP][PASSED] - click(findTestObject("Object Repository/CreateAccount/Page_Login - My Store/p_Address (Line 2)Apartment su")): Object: 'Object Repository/CreateAccount/Page_Login - My Store/p_Address (Line 2)Apartment su' is clicked on

2019-02-18 18:45:30 - [MESSAGE][PASSED] - Object: 'Object Repository/CreateAccount/Page_Login - My Store/p_Address (Line 2)Apartment su' is clicked on

2019-02-18 18:45:30 - [TEST_STEP][PASSED] - setText(findTestObject("CreateAccount/Page_Login - My Store/input_Address (Line 2)_address"), address2): Text 'Sandersville' is set on object 'Object Repository/CreateAccount/Page_Login - My Store/input_Address (Line 2)_address'

2019-02-18 18:45:30 - [MESSAGE][PASSED] - Text 'Sandersville' is set on object 'Object Repository/CreateAccount/Page_Login - My Store/input_Address (Line 2)_address'

2019-02-18 18:45:30 - [TEST_STEP][PASSED] - setText(findTestObject("Object Repository/CreateAccount/Page_Login - My Store/input__city"), city): Text 'Georgia' is set on object 'Object Repository/CreateAccount/Page_Login - My Store/input__city'

2019-02-18 18:45:30 - [MESSAGE][PASSED] - Text 'Georgia' is set on object 'Object Repository/CreateAccount/Page_Login - My Store/input__city'

2019-02-18 18:45:30 - [TEST_STEP][PASSED] - selectOptionByValue(findTestObject("Object Repository/CreateAccount/Page_Login - My Store/select_-AlabamaAlaskaArizonaAr"), state, true): All options with value '9' are selected in object 'Object Repository/CreateAccount/Page_Login - My Store/select_-AlabamaAlaskaArizonaAr'  using regular expression

2019-02-18 18:45:31 - [MESSAGE][PASSED] - All options with value '9' are selected in object 'Object Repository/CreateAccount/Page_Login - My Store/select_-AlabamaAlaskaArizonaAr'  using regular expression

2019-02-18 18:45:31 - [TEST_STEP][PASSED] - setText(findTestObject("Object Repository/CreateAccount/Page_Login - My Store/input__postcode"), postcode): Text '31082' is set on object 'Object Repository/CreateAccount/Page_Login - My Store/input__postcode'

2019-02-18 18:45:31 - [MESSAGE][PASSED] - Text '31082' is set on object 'Object Repository/CreateAccount/Page_Login - My Store/input__postcode'

2019-02-18 18:45:31 - [TEST_STEP][PASSED] - setText(findTestObject("Object Repository/CreateAccount/Page_Login - My Store/input__phone_mobile"), phone): Text '7799746338' is set on object 'Object Repository/CreateAccount/Page_Login - My Store/input__phone_mobile'

2019-02-18 18:45:31 - [MESSAGE][PASSED] - Text '7799746338' is set on object 'Object Repository/CreateAccount/Page_Login - My Store/input__phone_mobile'

2019-02-18 18:45:31 - [TEST_STEP][PASSED] - click(findTestObject("Object Repository/CreateAccount/Page_Login - My Store/button_Register")): Object: 'Object Repository/CreateAccount/Page_Login - My Store/button_Register' is clicked on

2019-02-18 18:45:33 - [MESSAGE][PASSED] - Object: 'Object Repository/CreateAccount/Page_Login - My Store/button_Register' is clicked on]]></system-out>
         <system-err><![CDATA[]]></system-err>
      </testcase>
      <testcase name="Test Cases/TC3_CreateAccount" classname="Test Cases/TC3_CreateAccount" status="PASSED">
         <system-out><![CDATA[2019-02-18 18:45:33 - [TEST_CASE][PASSED] - Test Cases/TC3_CreateAccount: Test Cases/TC3_CreateAccount

2019-02-18 18:45:33 - [TEST_STEP][PASSED] - openBrowser(""): Browser is opened with url: ''

2019-02-18 18:45:33 - [MESSAGE][WARNING] - A browser is already opened. Closing browser and opening a new one

2019-02-18 18:45:35 - [MESSAGE][INFO] - Starting 'Firefox' driver

2019-02-18 18:45:40 - [MESSAGE][PASSED] - Browser is opened with url: ''

2019-02-18 18:45:40 - [TEST_STEP][PASSED] - navigateToUrl("http://automationpractice.com/index.php"): Navigate to 'http://automationpractice.com/index.php' successfully

2019-02-18 18:45:46 - [MESSAGE][PASSED] - Navigate to 'http://automationpractice.com/index.php' successfully

2019-02-18 18:45:46 - [TEST_STEP][PASSED] - click(findTestObject("Object Repository/CreateAccount/Page_My Store/a_Sign in")): Object: 'Object Repository/CreateAccount/Page_My Store/a_Sign in' is clicked on

2019-02-18 18:45:49 - [MESSAGE][PASSED] - Object: 'Object Repository/CreateAccount/Page_My Store/a_Sign in' is clicked on

2019-02-18 18:45:49 - [TEST_STEP][PASSED] - setText(findTestObject("Object Repository/CreateAccount/Page_Login - My Store/input_Email address_email_crea"), email): Text 'marybabake@rhyta.com' is set on object 'Object Repository/CreateAccount/Page_Login - My Store/input_Email address_email_crea'

2019-02-18 18:45:49 - [MESSAGE][PASSED] - Text 'marybabake@rhyta.com' is set on object 'Object Repository/CreateAccount/Page_Login - My Store/input_Email address_email_crea'

2019-02-18 18:45:49 - [TEST_STEP][PASSED] - click(findTestObject("Object Repository/CreateAccount/Page_Login - My Store/button_Create an account")): Object: 'Object Repository/CreateAccount/Page_Login - My Store/button_Create an account' is clicked on

2019-02-18 18:45:49 - [MESSAGE][PASSED] - Object: 'Object Repository/CreateAccount/Page_Login - My Store/button_Create an account' is clicked on

2019-02-18 18:45:49 - [TEST_STEP][PASSED] - click(findTestObject("CreateAccount/Page_Login - My Store/input_Mr._id_gender")): Object: 'Object Repository/CreateAccount/Page_Login - My Store/input_Mr._id_gender' is clicked on

2019-02-18 18:45:51 - [MESSAGE][PASSED] - Object: 'Object Repository/CreateAccount/Page_Login - My Store/input_Mr._id_gender' is clicked on

2019-02-18 18:45:51 - [TEST_STEP][PASSED] - setText(findTestObject("Object Repository/CreateAccount/Page_Login - My Store/input__customer_firstname"), firstname): Text 'Mary' is set on object 'Object Repository/CreateAccount/Page_Login - My Store/input__customer_firstname'

2019-02-18 18:45:51 - [MESSAGE][PASSED] - Text 'Mary' is set on object 'Object Repository/CreateAccount/Page_Login - My Store/input__customer_firstname'

2019-02-18 18:45:51 - [TEST_STEP][PASSED] - setText(findTestObject("Object Repository/CreateAccount/Page_Login - My Store/input__customer_lastname"), lastname): Text 'Baker' is set on object 'Object Repository/CreateAccount/Page_Login - My Store/input__customer_lastname'

2019-02-18 18:45:51 - [MESSAGE][PASSED] - Text 'Baker' is set on object 'Object Repository/CreateAccount/Page_Login - My Store/input__customer_lastname'

2019-02-18 18:45:51 - [TEST_STEP][PASSED] - setText(findTestObject("Object Repository/CreateAccount/Page_Login - My Store/input__passwd"), password): Text 'naiksuchi' is set on object 'Object Repository/CreateAccount/Page_Login - My Store/input__passwd'

2019-02-18 18:45:51 - [MESSAGE][PASSED] - Text 'naiksuchi' is set on object 'Object Repository/CreateAccount/Page_Login - My Store/input__passwd'

2019-02-18 18:45:51 - [TEST_STEP][PASSED] - selectOptionByValue(findTestObject("Object Repository/CreateAccount/Page_Login - My Store/select_-1234567891011121314151"), birthday, true): All options with value '5' are selected in object 'Object Repository/CreateAccount/Page_Login - My Store/select_-1234567891011121314151'  using regular expression

2019-02-18 18:45:52 - [MESSAGE][PASSED] - All options with value '5' are selected in object 'Object Repository/CreateAccount/Page_Login - My Store/select_-1234567891011121314151'  using regular expression

2019-02-18 18:45:52 - [TEST_STEP][PASSED] - selectOptionByValue(findTestObject("Object Repository/CreateAccount/Page_Login - My Store/select_-JanuaryFebruaryMarchAp"), birthmonth, true): All options with value '7' are selected in object 'Object Repository/CreateAccount/Page_Login - My Store/select_-JanuaryFebruaryMarchAp'  using regular expression

2019-02-18 18:45:53 - [MESSAGE][PASSED] - All options with value '7' are selected in object 'Object Repository/CreateAccount/Page_Login - My Store/select_-JanuaryFebruaryMarchAp'  using regular expression

2019-02-18 18:45:53 - [TEST_STEP][PASSED] - selectOptionByValue(findTestObject("Object Repository/CreateAccount/Page_Login - My Store/select_-2019201820172016201520"), birthyear, true): All options with value '2017' are selected in object 'Object Repository/CreateAccount/Page_Login - My Store/select_-2019201820172016201520'  using regular expression

2019-02-18 18:45:55 - [MESSAGE][PASSED] - All options with value '2017' are selected in object 'Object Repository/CreateAccount/Page_Login - My Store/select_-2019201820172016201520'  using regular expression

2019-02-18 18:45:55 - [TEST_STEP][PASSED] - setText(findTestObject("Object Repository/CreateAccount/Page_Login - My Store/input_Company_company"), company): Text 'daydreamsoft' is set on object 'Object Repository/CreateAccount/Page_Login - My Store/input_Company_company'

2019-02-18 18:45:55 - [MESSAGE][PASSED] - Text 'daydreamsoft' is set on object 'Object Repository/CreateAccount/Page_Login - My Store/input_Company_company'

2019-02-18 18:45:55 - [TEST_STEP][PASSED] - setText(findTestObject("Object Repository/CreateAccount/Page_Login - My Store/input__address1"), address1): Text '1255 Sunburst Drive' is set on object 'Object Repository/CreateAccount/Page_Login - My Store/input__address1'

2019-02-18 18:45:55 - [MESSAGE][PASSED] - Text '1255 Sunburst Drive' is set on object 'Object Repository/CreateAccount/Page_Login - My Store/input__address1'

2019-02-18 18:45:55 - [TEST_STEP][PASSED] - click(findTestObject("Object Repository/CreateAccount/Page_Login - My Store/p_Address (Line 2)Apartment su")): Object: 'Object Repository/CreateAccount/Page_Login - My Store/p_Address (Line 2)Apartment su' is clicked on

2019-02-18 18:45:55 - [MESSAGE][PASSED] - Object: 'Object Repository/CreateAccount/Page_Login - My Store/p_Address (Line 2)Apartment su' is clicked on

2019-02-18 18:45:55 - [TEST_STEP][PASSED] - setText(findTestObject("CreateAccount/Page_Login - My Store/input_Address (Line 2)_address"), address2): Text 'Fort Myers' is set on object 'Object Repository/CreateAccount/Page_Login - My Store/input_Address (Line 2)_address'

2019-02-18 18:45:55 - [MESSAGE][PASSED] - Text 'Fort Myers' is set on object 'Object Repository/CreateAccount/Page_Login - My Store/input_Address (Line 2)_address'

2019-02-18 18:45:55 - [TEST_STEP][PASSED] - setText(findTestObject("Object Repository/CreateAccount/Page_Login - My Store/input__city"), city): Text 'Florida' is set on object 'Object Repository/CreateAccount/Page_Login - My Store/input__city'

2019-02-18 18:45:55 - [MESSAGE][PASSED] - Text 'Florida' is set on object 'Object Repository/CreateAccount/Page_Login - My Store/input__city'

2019-02-18 18:45:55 - [TEST_STEP][PASSED] - selectOptionByValue(findTestObject("Object Repository/CreateAccount/Page_Login - My Store/select_-AlabamaAlaskaArizonaAr"), state, true): All options with value '10' are selected in object 'Object Repository/CreateAccount/Page_Login - My Store/select_-AlabamaAlaskaArizonaAr'  using regular expression

2019-02-18 18:45:56 - [MESSAGE][PASSED] - All options with value '10' are selected in object 'Object Repository/CreateAccount/Page_Login - My Store/select_-AlabamaAlaskaArizonaAr'  using regular expression

2019-02-18 18:45:56 - [TEST_STEP][PASSED] - setText(findTestObject("Object Repository/CreateAccount/Page_Login - My Store/input__postcode"), postcode): Text '33901' is set on object 'Object Repository/CreateAccount/Page_Login - My Store/input__postcode'

2019-02-18 18:45:56 - [MESSAGE][PASSED] - Text '33901' is set on object 'Object Repository/CreateAccount/Page_Login - My Store/input__postcode'

2019-02-18 18:45:56 - [TEST_STEP][PASSED] - setText(findTestObject("Object Repository/CreateAccount/Page_Login - My Store/input__phone_mobile"), phone): Text '7789646638' is set on object 'Object Repository/CreateAccount/Page_Login - My Store/input__phone_mobile'

2019-02-18 18:45:57 - [MESSAGE][PASSED] - Text '7789646638' is set on object 'Object Repository/CreateAccount/Page_Login - My Store/input__phone_mobile'

2019-02-18 18:45:57 - [TEST_STEP][PASSED] - click(findTestObject("Object Repository/CreateAccount/Page_Login - My Store/button_Register")): Object: 'Object Repository/CreateAccount/Page_Login - My Store/button_Register' is clicked on

2019-02-18 18:45:59 - [MESSAGE][PASSED] - Object: 'Object Repository/CreateAccount/Page_Login - My Store/button_Register' is clicked on]]></system-out>
         <system-err><![CDATA[]]></system-err>
      </testcase>
      <testcase name="Test Cases/TC2_Login" classname="Test Cases/TC2_Login" status="PASSED">
         <system-out><![CDATA[2019-02-18 18:45:59 - [TEST_CASE][PASSED] - Test Cases/TC2_Login: Test Cases/TC2_Login

2019-02-18 18:46:00 - [TEST_STEP][PASSED] - openBrowser("https://www.katalon.com/"): Browser is opened with url: 'https://www.katalon.com/'

2019-02-18 18:46:00 - [MESSAGE][WARNING] - A browser is already opened. Closing browser and opening a new one

2019-02-18 18:46:02 - [MESSAGE][INFO] - Starting 'Firefox' driver

2019-02-18 18:46:13 - [MESSAGE][PASSED] - Browser is opened with url: 'https://www.katalon.com/'

2019-02-18 18:46:13 - [TEST_STEP][PASSED] - driver = getWebDriver(): null

2019-02-18 18:46:13 - [TEST_STEP][PASSED] - baseUrl = "https://www.katalon.com/": null

2019-02-18 18:46:13 - [TEST_STEP][PASSED] - selenium = new com.thoughtworks.selenium.webdriven.WebDriverBackedSelenium(driver, baseUrl): null

2019-02-18 18:46:13 - [TEST_STEP][PASSED] - selenium.open("http://automationpractice.com/index.php?controller=authentication&back=my-account"): null

2019-02-18 18:46:18 - [TEST_STEP][PASSED] - delay(5): Delayed 5 second(s)

2019-02-18 18:46:23 - [MESSAGE][PASSED] - Delayed 5 second(s)

2019-02-18 18:46:23 - [TEST_STEP][PASSED] - selenium.click("id=email"): null

2019-02-18 18:46:24 - [TEST_STEP][PASSED] - selenium.type("id=email", "MeghanBMcDan@dayrep.com"): null

2019-02-18 18:46:24 - [TEST_STEP][PASSED] - selenium.click("id=passwd"): null

2019-02-18 18:46:24 - [TEST_STEP][PASSED] - selenium.type("id=passwd", "ieFai4vahQu"): null

2019-02-18 18:46:24 - [TEST_STEP][PASSED] - selenium.click("xpath=(.//*[normalize-space(text()) and normalize-space(.)='Forgot your password?'])[1]/following::span[1]"): null]]></system-out>
         <system-err><![CDATA[]]></system-err>
      </testcase>
      <system-out><![CDATA[2019-02-18 18:45:03 - [TEST_SUITE][PASSED] - TC1: Test Cases/TC2_Login]]></system-out>
      <system-err><![CDATA[]]></system-err>
   </testsuite>
</testsuites>
