<?xml version="1.0" encoding="UTF-8"?>
<testsuites name="TC1" time="89" tests="4" failures="0" errors="0">
   <testsuite name="TC1" tests="4" failures="0" errors="0" time="89" timestamp="2019-02-18 18:56:59" hostname="dell - computer" id="Test Suites/TC1">
      <properties>
         <property name="deviceName" value=""/>
         <property name="devicePlatform" value=""/>
         <property name="logFolder" value="C:\\Users\\dell\\Katalon Studio\\Automation\\Reports\\TC1\\20190218_185655"/>
         <property name="logFiles" value="C:\\Users\\dell\\Katalon Studio\\Automation\\Reports\\TC1\\20190218_185655\\execution0.log"/>
         <property name="attachments" value=""/>
         <property name="hostName" value="dell - computer"/>
         <property name="os" value="Windows 8.1 64bit"/>
         <property name="katalonVersion" value="5.9.1.2"/>
         <property name="browser" value="Firefox 65.0"/>
         <property name="hostAddress" value="192.168.1.146"/>
         <property name="sessionId" value="c389f98f-086f-4e18-ade4-0076bdb09645"/>
         <property name="seleniumVersion" value="3.7.1"/>
         <property name="proxyInformation" value="ProxyInformation{proxyOption=NO_PROXY, proxyServerType=HTTP, password=, proxyServerAddress=, proxyServerPort=0}"/>
         <property name="platform" value="Windows 8.1"/>
      </properties>
      <testcase name="Test Cases/TC3_CreateAccount" classname="Test Cases/TC3_CreateAccount" status="PASSED">
         <system-out><![CDATA[2019-02-18 18:56:59 - [TEST_CASE][PASSED] - Test Cases/TC3_CreateAccount: Test Cases/TC3_CreateAccount

2019-02-18 18:57:00 - [TEST_STEP][PASSED] - openBrowser(""): Browser is opened with url: ''

2019-02-18 18:57:01 - [MESSAGE][INFO] - Starting 'Firefox' driver

2019-02-18 18:57:01 - [MESSAGE][INFO] - Action delay is set to 0 seconds

2019-02-18 18:57:07 - [MESSAGE][PASSED] - Browser is opened with url: ''

2019-02-18 18:57:07 - [TEST_STEP][PASSED] - navigateToUrl("http://automationpractice.com/index.php"): Navigate to 'http://automationpractice.com/index.php' successfully

2019-02-18 18:57:14 - [MESSAGE][PASSED] - Navigate to 'http://automationpractice.com/index.php' successfully

2019-02-18 18:57:14 - [TEST_STEP][PASSED] - click(findTestObject("Object Repository/CreateAccount/Page_My Store/a_Sign in")): Object: 'Object Repository/CreateAccount/Page_My Store/a_Sign in' is clicked on

2019-02-18 18:57:16 - [MESSAGE][PASSED] - Object: 'Object Repository/CreateAccount/Page_My Store/a_Sign in' is clicked on

2019-02-18 18:57:16 - [TEST_STEP][PASSED] - setText(findTestObject("Object Repository/CreateAccount/Page_Login - My Store/input_Email address_email_crea"), email): Text 'Willi@rhyta.com' is set on object 'Object Repository/CreateAccount/Page_Login - My Store/input_Email address_email_crea'

2019-02-18 18:57:16 - [MESSAGE][PASSED] - Text 'Willi@rhyta.com' is set on object 'Object Repository/CreateAccount/Page_Login - My Store/input_Email address_email_crea'

2019-02-18 18:57:16 - [TEST_STEP][PASSED] - click(findTestObject("Object Repository/CreateAccount/Page_Login - My Store/button_Create an account")): Object: 'Object Repository/CreateAccount/Page_Login - My Store/button_Create an account' is clicked on

2019-02-18 18:57:17 - [MESSAGE][PASSED] - Object: 'Object Repository/CreateAccount/Page_Login - My Store/button_Create an account' is clicked on

2019-02-18 18:57:17 - [TEST_STEP][PASSED] - click(findTestObject("CreateAccount/Page_Login - My Store/input_Mr._id_gender")): Object: 'Object Repository/CreateAccount/Page_Login - My Store/input_Mr._id_gender' is clicked on

2019-02-18 18:57:19 - [MESSAGE][PASSED] - Object: 'Object Repository/CreateAccount/Page_Login - My Store/input_Mr._id_gender' is clicked on

2019-02-18 18:57:19 - [TEST_STEP][PASSED] - setText(findTestObject("Object Repository/CreateAccount/Page_Login - My Store/input__customer_firstname"), firstname): Text 'William' is set on object 'Object Repository/CreateAccount/Page_Login - My Store/input__customer_firstname'

2019-02-18 18:57:19 - [MESSAGE][PASSED] - Text 'William' is set on object 'Object Repository/CreateAccount/Page_Login - My Store/input__customer_firstname'

2019-02-18 18:57:19 - [TEST_STEP][PASSED] - setText(findTestObject("Object Repository/CreateAccount/Page_Login - My Store/input__customer_lastname"), lastname): Text 'Wiilaits' is set on object 'Object Repository/CreateAccount/Page_Login - My Store/input__customer_lastname'

2019-02-18 18:57:19 - [MESSAGE][PASSED] - Text 'Wiilaits' is set on object 'Object Repository/CreateAccount/Page_Login - My Store/input__customer_lastname'

2019-02-18 18:57:19 - [TEST_STEP][PASSED] - setText(findTestObject("Object Repository/CreateAccount/Page_Login - My Store/input__passwd"), password): Text 'suchinaik' is set on object 'Object Repository/CreateAccount/Page_Login - My Store/input__passwd'

2019-02-18 18:57:19 - [MESSAGE][PASSED] - Text 'suchinaik' is set on object 'Object Repository/CreateAccount/Page_Login - My Store/input__passwd'

2019-02-18 18:57:19 - [TEST_STEP][PASSED] - selectOptionByValue(findTestObject("Object Repository/CreateAccount/Page_Login - My Store/select_-1234567891011121314151"), birthday, true): All options with value '23' are selected in object 'Object Repository/CreateAccount/Page_Login - My Store/select_-1234567891011121314151'  using regular expression

2019-02-18 18:57:20 - [MESSAGE][PASSED] - All options with value '23' are selected in object 'Object Repository/CreateAccount/Page_Login - My Store/select_-1234567891011121314151'  using regular expression

2019-02-18 18:57:20 - [TEST_STEP][PASSED] - selectOptionByValue(findTestObject("Object Repository/CreateAccount/Page_Login - My Store/select_-JanuaryFebruaryMarchAp"), birthmonth, true): All options with value '5' are selected in object 'Object Repository/CreateAccount/Page_Login - My Store/select_-JanuaryFebruaryMarchAp'  using regular expression

2019-02-18 18:57:21 - [MESSAGE][PASSED] - All options with value '5' are selected in object 'Object Repository/CreateAccount/Page_Login - My Store/select_-JanuaryFebruaryMarchAp'  using regular expression

2019-02-18 18:57:21 - [TEST_STEP][PASSED] - selectOptionByValue(findTestObject("Object Repository/CreateAccount/Page_Login - My Store/select_-2019201820172016201520"), birthyear, true): All options with value '2019' are selected in object 'Object Repository/CreateAccount/Page_Login - My Store/select_-2019201820172016201520'  using regular expression

2019-02-18 18:57:23 - [MESSAGE][PASSED] - All options with value '2019' are selected in object 'Object Repository/CreateAccount/Page_Login - My Store/select_-2019201820172016201520'  using regular expression

2019-02-18 18:57:23 - [TEST_STEP][PASSED] - setText(findTestObject("Object Repository/CreateAccount/Page_Login - My Store/input_Company_company"), company): Text 'narola' is set on object 'Object Repository/CreateAccount/Page_Login - My Store/input_Company_company'

2019-02-18 18:57:23 - [MESSAGE][PASSED] - Text 'narola' is set on object 'Object Repository/CreateAccount/Page_Login - My Store/input_Company_company'

2019-02-18 18:57:23 - [TEST_STEP][PASSED] - setText(findTestObject("Object Repository/CreateAccount/Page_Login - My Store/input__address1"), address1): Text '1359 Graystone Lakes' is set on object 'Object Repository/CreateAccount/Page_Login - My Store/input__address1'

2019-02-18 18:57:23 - [MESSAGE][PASSED] - Text '1359 Graystone Lakes' is set on object 'Object Repository/CreateAccount/Page_Login - My Store/input__address1'

2019-02-18 18:57:23 - [TEST_STEP][PASSED] - click(findTestObject("Object Repository/CreateAccount/Page_Login - My Store/p_Address (Line 2)Apartment su")): Object: 'Object Repository/CreateAccount/Page_Login - My Store/p_Address (Line 2)Apartment su' is clicked on

2019-02-18 18:57:23 - [MESSAGE][PASSED] - Object: 'Object Repository/CreateAccount/Page_Login - My Store/p_Address (Line 2)Apartment su' is clicked on

2019-02-18 18:57:23 - [TEST_STEP][PASSED] - setText(findTestObject("CreateAccount/Page_Login - My Store/input_Address (Line 2)_address"), address2): Text 'Sandersville' is set on object 'Object Repository/CreateAccount/Page_Login - My Store/input_Address (Line 2)_address'

2019-02-18 18:57:23 - [MESSAGE][PASSED] - Text 'Sandersville' is set on object 'Object Repository/CreateAccount/Page_Login - My Store/input_Address (Line 2)_address'

2019-02-18 18:57:23 - [TEST_STEP][PASSED] - setText(findTestObject("Object Repository/CreateAccount/Page_Login - My Store/input__city"), city): Text 'Georgia' is set on object 'Object Repository/CreateAccount/Page_Login - My Store/input__city'

2019-02-18 18:57:23 - [MESSAGE][PASSED] - Text 'Georgia' is set on object 'Object Repository/CreateAccount/Page_Login - My Store/input__city'

2019-02-18 18:57:23 - [TEST_STEP][PASSED] - selectOptionByValue(findTestObject("Object Repository/CreateAccount/Page_Login - My Store/select_-AlabamaAlaskaArizonaAr"), state, true): All options with value '9' are selected in object 'Object Repository/CreateAccount/Page_Login - My Store/select_-AlabamaAlaskaArizonaAr'  using regular expression

2019-02-18 18:57:25 - [MESSAGE][PASSED] - All options with value '9' are selected in object 'Object Repository/CreateAccount/Page_Login - My Store/select_-AlabamaAlaskaArizonaAr'  using regular expression

2019-02-18 18:57:25 - [TEST_STEP][PASSED] - setText(findTestObject("Object Repository/CreateAccount/Page_Login - My Store/input__postcode"), postcode): Text '31082' is set on object 'Object Repository/CreateAccount/Page_Login - My Store/input__postcode'

2019-02-18 18:57:25 - [MESSAGE][PASSED] - Text '31082' is set on object 'Object Repository/CreateAccount/Page_Login - My Store/input__postcode'

2019-02-18 18:57:25 - [TEST_STEP][PASSED] - setText(findTestObject("Object Repository/CreateAccount/Page_Login - My Store/input__phone_mobile"), phone): Text '7799746338' is set on object 'Object Repository/CreateAccount/Page_Login - My Store/input__phone_mobile'

2019-02-18 18:57:25 - [MESSAGE][PASSED] - Text '7799746338' is set on object 'Object Repository/CreateAccount/Page_Login - My Store/input__phone_mobile'

2019-02-18 18:57:25 - [TEST_STEP][PASSED] - click(findTestObject("Object Repository/CreateAccount/Page_Login - My Store/button_Register")): Object: 'Object Repository/CreateAccount/Page_Login - My Store/button_Register' is clicked on

2019-02-18 18:57:26 - [MESSAGE][PASSED] - Object: 'Object Repository/CreateAccount/Page_Login - My Store/button_Register' is clicked on]]></system-out>
         <system-err><![CDATA[]]></system-err>
      </testcase>
      <testcase name="Test Cases/TC3_CreateAccount" classname="Test Cases/TC3_CreateAccount" status="PASSED">
         <system-out><![CDATA[2019-02-18 18:57:26 - [TEST_CASE][PASSED] - Test Cases/TC3_CreateAccount: Test Cases/TC3_CreateAccount

2019-02-18 18:57:26 - [TEST_STEP][PASSED] - openBrowser(""): Browser is opened with url: ''

2019-02-18 18:57:26 - [MESSAGE][WARNING] - A browser is already opened. Closing browser and opening a new one

2019-02-18 18:57:28 - [MESSAGE][INFO] - Starting 'Firefox' driver

2019-02-18 18:57:33 - [MESSAGE][PASSED] - Browser is opened with url: ''

2019-02-18 18:57:33 - [TEST_STEP][PASSED] - navigateToUrl("http://automationpractice.com/index.php"): Navigate to 'http://automationpractice.com/index.php' successfully

2019-02-18 18:57:40 - [MESSAGE][PASSED] - Navigate to 'http://automationpractice.com/index.php' successfully

2019-02-18 18:57:40 - [TEST_STEP][PASSED] - click(findTestObject("Object Repository/CreateAccount/Page_My Store/a_Sign in")): Object: 'Object Repository/CreateAccount/Page_My Store/a_Sign in' is clicked on

2019-02-18 18:57:43 - [MESSAGE][PASSED] - Object: 'Object Repository/CreateAccount/Page_My Store/a_Sign in' is clicked on

2019-02-18 18:57:43 - [TEST_STEP][PASSED] - setText(findTestObject("Object Repository/CreateAccount/Page_Login - My Store/input_Email address_email_crea"), email): Text 'marybabak@rhyta.com' is set on object 'Object Repository/CreateAccount/Page_Login - My Store/input_Email address_email_crea'

2019-02-18 18:57:43 - [MESSAGE][PASSED] - Text 'marybabak@rhyta.com' is set on object 'Object Repository/CreateAccount/Page_Login - My Store/input_Email address_email_crea'

2019-02-18 18:57:43 - [TEST_STEP][PASSED] - click(findTestObject("Object Repository/CreateAccount/Page_Login - My Store/button_Create an account")): Object: 'Object Repository/CreateAccount/Page_Login - My Store/button_Create an account' is clicked on

2019-02-18 18:57:43 - [MESSAGE][PASSED] - Object: 'Object Repository/CreateAccount/Page_Login - My Store/button_Create an account' is clicked on

2019-02-18 18:57:43 - [TEST_STEP][PASSED] - click(findTestObject("CreateAccount/Page_Login - My Store/input_Mr._id_gender")): Object: 'Object Repository/CreateAccount/Page_Login - My Store/input_Mr._id_gender' is clicked on

2019-02-18 18:57:45 - [MESSAGE][PASSED] - Object: 'Object Repository/CreateAccount/Page_Login - My Store/input_Mr._id_gender' is clicked on

2019-02-18 18:57:45 - [TEST_STEP][PASSED] - setText(findTestObject("Object Repository/CreateAccount/Page_Login - My Store/input__customer_firstname"), firstname): Text 'Mary' is set on object 'Object Repository/CreateAccount/Page_Login - My Store/input__customer_firstname'

2019-02-18 18:57:45 - [MESSAGE][PASSED] - Text 'Mary' is set on object 'Object Repository/CreateAccount/Page_Login - My Store/input__customer_firstname'

2019-02-18 18:57:45 - [TEST_STEP][PASSED] - setText(findTestObject("Object Repository/CreateAccount/Page_Login - My Store/input__customer_lastname"), lastname): Text 'Baker' is set on object 'Object Repository/CreateAccount/Page_Login - My Store/input__customer_lastname'

2019-02-18 18:57:45 - [MESSAGE][PASSED] - Text 'Baker' is set on object 'Object Repository/CreateAccount/Page_Login - My Store/input__customer_lastname'

2019-02-18 18:57:45 - [TEST_STEP][PASSED] - setText(findTestObject("Object Repository/CreateAccount/Page_Login - My Store/input__passwd"), password): Text 'naiksuchi' is set on object 'Object Repository/CreateAccount/Page_Login - My Store/input__passwd'

2019-02-18 18:57:45 - [MESSAGE][PASSED] - Text 'naiksuchi' is set on object 'Object Repository/CreateAccount/Page_Login - My Store/input__passwd'

2019-02-18 18:57:45 - [TEST_STEP][PASSED] - selectOptionByValue(findTestObject("Object Repository/CreateAccount/Page_Login - My Store/select_-1234567891011121314151"), birthday, true): All options with value '5' are selected in object 'Object Repository/CreateAccount/Page_Login - My Store/select_-1234567891011121314151'  using regular expression

2019-02-18 18:57:46 - [MESSAGE][PASSED] - All options with value '5' are selected in object 'Object Repository/CreateAccount/Page_Login - My Store/select_-1234567891011121314151'  using regular expression

2019-02-18 18:57:46 - [TEST_STEP][PASSED] - selectOptionByValue(findTestObject("Object Repository/CreateAccount/Page_Login - My Store/select_-JanuaryFebruaryMarchAp"), birthmonth, true): All options with value '7' are selected in object 'Object Repository/CreateAccount/Page_Login - My Store/select_-JanuaryFebruaryMarchAp'  using regular expression

2019-02-18 18:57:47 - [MESSAGE][PASSED] - All options with value '7' are selected in object 'Object Repository/CreateAccount/Page_Login - My Store/select_-JanuaryFebruaryMarchAp'  using regular expression

2019-02-18 18:57:47 - [TEST_STEP][PASSED] - selectOptionByValue(findTestObject("Object Repository/CreateAccount/Page_Login - My Store/select_-2019201820172016201520"), birthyear, true): All options with value '2017' are selected in object 'Object Repository/CreateAccount/Page_Login - My Store/select_-2019201820172016201520'  using regular expression

2019-02-18 18:57:49 - [MESSAGE][PASSED] - All options with value '2017' are selected in object 'Object Repository/CreateAccount/Page_Login - My Store/select_-2019201820172016201520'  using regular expression

2019-02-18 18:57:49 - [TEST_STEP][PASSED] - setText(findTestObject("Object Repository/CreateAccount/Page_Login - My Store/input_Company_company"), company): Text 'daydreamsoft' is set on object 'Object Repository/CreateAccount/Page_Login - My Store/input_Company_company'

2019-02-18 18:57:49 - [MESSAGE][PASSED] - Text 'daydreamsoft' is set on object 'Object Repository/CreateAccount/Page_Login - My Store/input_Company_company'

2019-02-18 18:57:49 - [TEST_STEP][PASSED] - setText(findTestObject("Object Repository/CreateAccount/Page_Login - My Store/input__address1"), address1): Text '1255 Sunburst Drive' is set on object 'Object Repository/CreateAccount/Page_Login - My Store/input__address1'

2019-02-18 18:57:49 - [MESSAGE][PASSED] - Text '1255 Sunburst Drive' is set on object 'Object Repository/CreateAccount/Page_Login - My Store/input__address1'

2019-02-18 18:57:49 - [TEST_STEP][PASSED] - click(findTestObject("Object Repository/CreateAccount/Page_Login - My Store/p_Address (Line 2)Apartment su")): Object: 'Object Repository/CreateAccount/Page_Login - My Store/p_Address (Line 2)Apartment su' is clicked on

2019-02-18 18:57:49 - [MESSAGE][PASSED] - Object: 'Object Repository/CreateAccount/Page_Login - My Store/p_Address (Line 2)Apartment su' is clicked on

2019-02-18 18:57:49 - [TEST_STEP][PASSED] - setText(findTestObject("CreateAccount/Page_Login - My Store/input_Address (Line 2)_address"), address2): Text 'Fort Myers' is set on object 'Object Repository/CreateAccount/Page_Login - My Store/input_Address (Line 2)_address'

2019-02-18 18:57:49 - [MESSAGE][PASSED] - Text 'Fort Myers' is set on object 'Object Repository/CreateAccount/Page_Login - My Store/input_Address (Line 2)_address'

2019-02-18 18:57:49 - [TEST_STEP][PASSED] - setText(findTestObject("Object Repository/CreateAccount/Page_Login - My Store/input__city"), city): Text 'Florida' is set on object 'Object Repository/CreateAccount/Page_Login - My Store/input__city'

2019-02-18 18:57:49 - [MESSAGE][PASSED] - Text 'Florida' is set on object 'Object Repository/CreateAccount/Page_Login - My Store/input__city'

2019-02-18 18:57:49 - [TEST_STEP][PASSED] - selectOptionByValue(findTestObject("Object Repository/CreateAccount/Page_Login - My Store/select_-AlabamaAlaskaArizonaAr"), state, true): All options with value '10' are selected in object 'Object Repository/CreateAccount/Page_Login - My Store/select_-AlabamaAlaskaArizonaAr'  using regular expression

2019-02-18 18:57:50 - [MESSAGE][PASSED] - All options with value '10' are selected in object 'Object Repository/CreateAccount/Page_Login - My Store/select_-AlabamaAlaskaArizonaAr'  using regular expression

2019-02-18 18:57:50 - [TEST_STEP][PASSED] - setText(findTestObject("Object Repository/CreateAccount/Page_Login - My Store/input__postcode"), postcode): Text '33901' is set on object 'Object Repository/CreateAccount/Page_Login - My Store/input__postcode'

2019-02-18 18:57:50 - [MESSAGE][PASSED] - Text '33901' is set on object 'Object Repository/CreateAccount/Page_Login - My Store/input__postcode'

2019-02-18 18:57:50 - [TEST_STEP][PASSED] - setText(findTestObject("Object Repository/CreateAccount/Page_Login - My Store/input__phone_mobile"), phone): Text '7789646638' is set on object 'Object Repository/CreateAccount/Page_Login - My Store/input__phone_mobile'

2019-02-18 18:57:50 - [MESSAGE][PASSED] - Text '7789646638' is set on object 'Object Repository/CreateAccount/Page_Login - My Store/input__phone_mobile'

2019-02-18 18:57:50 - [TEST_STEP][PASSED] - click(findTestObject("Object Repository/CreateAccount/Page_Login - My Store/button_Register")): Object: 'Object Repository/CreateAccount/Page_Login - My Store/button_Register' is clicked on

2019-02-18 18:57:53 - [MESSAGE][PASSED] - Object: 'Object Repository/CreateAccount/Page_Login - My Store/button_Register' is clicked on]]></system-out>
         <system-err><![CDATA[]]></system-err>
      </testcase>
      <testcase name="Test Cases/TC2_Login" classname="Test Cases/TC2_Login" status="PASSED">
         <system-out><![CDATA[2019-02-18 18:57:53 - [TEST_CASE][PASSED] - Test Cases/TC2_Login: Test Cases/TC2_Login

2019-02-18 18:57:53 - [TEST_STEP][PASSED] - openBrowser(""): Browser is opened with url: ''

2019-02-18 18:57:53 - [MESSAGE][WARNING] - A browser is already opened. Closing browser and opening a new one

2019-02-18 18:57:55 - [MESSAGE][INFO] - Starting 'Firefox' driver

2019-02-18 18:58:00 - [MESSAGE][PASSED] - Browser is opened with url: ''

2019-02-18 18:58:00 - [TEST_STEP][PASSED] - navigateToUrl("http://automationpractice.com/index.php"): Navigate to 'http://automationpractice.com/index.php' successfully

2019-02-18 18:58:06 - [MESSAGE][PASSED] - Navigate to 'http://automationpractice.com/index.php' successfully

2019-02-18 18:58:06 - [TEST_STEP][PASSED] - click(findTestObject("Object Repository/Login/Page_My Store/a_Sign in")): Object: 'Object Repository/Login/Page_My Store/a_Sign in' is clicked on

2019-02-18 18:58:09 - [MESSAGE][PASSED] - Object: 'Object Repository/Login/Page_My Store/a_Sign in' is clicked on

2019-02-18 18:58:09 - [TEST_STEP][PASSED] - setText(findTestObject("Object Repository/Login/Page_Login - My Store/input_Email address_email"), email): Text 'Willi@rhyta.com' is set on object 'Object Repository/Login/Page_Login - My Store/input_Email address_email'

2019-02-18 18:58:09 - [MESSAGE][PASSED] - Text 'Willi@rhyta.com' is set on object 'Object Repository/Login/Page_Login - My Store/input_Email address_email'

2019-02-18 18:58:09 - [TEST_STEP][PASSED] - setEncryptedText(findTestObject("Object Repository/Login/Page_Login - My Store/input_Password_passwd"), "Qe27HTQB17j343ybaklEUQ=="): Text ****** has been set on object 'Object Repository/Login/Page_Login - My Store/input_Password_passwd'

2019-02-18 18:58:09 - [MESSAGE][PASSED] - Text ****** has been set on object 'Object Repository/Login/Page_Login - My Store/input_Password_passwd'

2019-02-18 18:58:09 - [TEST_STEP][PASSED] - click(findTestObject("Object Repository/Login/Page_Login - My Store/button_Sign in")): Object: 'Object Repository/Login/Page_Login - My Store/button_Sign in' is clicked on

2019-02-18 18:58:10 - [MESSAGE][PASSED] - Object: 'Object Repository/Login/Page_Login - My Store/button_Sign in' is clicked on]]></system-out>
         <system-err><![CDATA[]]></system-err>
      </testcase>
      <testcase name="Test Cases/TC2_Login" classname="Test Cases/TC2_Login" status="PASSED">
         <system-out><![CDATA[2019-02-18 18:58:10 - [TEST_CASE][PASSED] - Test Cases/TC2_Login: Test Cases/TC2_Login

2019-02-18 18:58:10 - [TEST_STEP][PASSED] - openBrowser(""): Browser is opened with url: ''

2019-02-18 18:58:10 - [MESSAGE][WARNING] - A browser is already opened. Closing browser and opening a new one

2019-02-18 18:58:12 - [MESSAGE][INFO] - Starting 'Firefox' driver

2019-02-18 18:58:17 - [MESSAGE][PASSED] - Browser is opened with url: ''

2019-02-18 18:58:17 - [TEST_STEP][PASSED] - navigateToUrl("http://automationpractice.com/index.php"): Navigate to 'http://automationpractice.com/index.php' successfully

2019-02-18 18:58:23 - [MESSAGE][PASSED] - Navigate to 'http://automationpractice.com/index.php' successfully

2019-02-18 18:58:23 - [TEST_STEP][PASSED] - click(findTestObject("Object Repository/Login/Page_My Store/a_Sign in")): Object: 'Object Repository/Login/Page_My Store/a_Sign in' is clicked on

2019-02-18 18:58:25 - [MESSAGE][PASSED] - Object: 'Object Repository/Login/Page_My Store/a_Sign in' is clicked on

2019-02-18 18:58:25 - [TEST_STEP][PASSED] - setText(findTestObject("Object Repository/Login/Page_Login - My Store/input_Email address_email"), email): Text 'marybabak@rhyta.com' is set on object 'Object Repository/Login/Page_Login - My Store/input_Email address_email'

2019-02-18 18:58:25 - [MESSAGE][PASSED] - Text 'marybabak@rhyta.com' is set on object 'Object Repository/Login/Page_Login - My Store/input_Email address_email'

2019-02-18 18:58:25 - [TEST_STEP][PASSED] - setEncryptedText(findTestObject("Object Repository/Login/Page_Login - My Store/input_Password_passwd"), "Qe27HTQB17j343ybaklEUQ=="): Text ****** has been set on object 'Object Repository/Login/Page_Login - My Store/input_Password_passwd'

2019-02-18 18:58:25 - [MESSAGE][PASSED] - Text ****** has been set on object 'Object Repository/Login/Page_Login - My Store/input_Password_passwd'

2019-02-18 18:58:25 - [TEST_STEP][PASSED] - click(findTestObject("Object Repository/Login/Page_Login - My Store/button_Sign in")): Object: 'Object Repository/Login/Page_Login - My Store/button_Sign in' is clicked on

2019-02-18 18:58:27 - [MESSAGE][PASSED] - Object: 'Object Repository/Login/Page_Login - My Store/button_Sign in' is clicked on]]></system-out>
         <system-err><![CDATA[]]></system-err>
      </testcase>
      <system-out><![CDATA[2019-02-18 18:56:59 - [TEST_SUITE][PASSED] - TC1: Test Cases/TC2_Login]]></system-out>
      <system-err><![CDATA[]]></system-err>
   </testsuite>
</testsuites>
