<?xml version="1.0" encoding="UTF-8"?>
<testsuites name="TC2" time="73" tests="2" failures="0" errors="0">
   <testsuite name="TC2" tests="2" failures="0" errors="0" time="73" timestamp="2019-02-20 17:55:04" hostname="dell - computer" id="Test Suites/TC2">
      <properties>
         <property name="deviceName" value=""/>
         <property name="devicePlatform" value=""/>
         <property name="logFolder" value="C:\\Users\\dell\\Katalon Studio\\Automation\\Reports\\TC2\\20190220_175501"/>
         <property name="logFiles" value="C:\\Users\\dell\\Katalon Studio\\Automation\\Reports\\TC2\\20190220_175501\\execution0.log"/>
         <property name="attachments" value=""/>
         <property name="hostName" value="dell - computer"/>
         <property name="os" value="Windows 8.1 64bit"/>
         <property name="katalonVersion" value="5.9.1.2"/>
         <property name="browser" value="Firefox 65.0"/>
         <property name="hostAddress" value="192.168.1.146"/>
         <property name="sessionId" value="6ef60949-f0b2-4332-b71a-9f72765f5450"/>
         <property name="seleniumVersion" value="3.7.1"/>
         <property name="proxyInformation" value="ProxyInformation{proxyOption=NO_PROXY, proxyServerType=HTTP, password=, proxyServerAddress=, proxyServerPort=0}"/>
         <property name="platform" value="Windows 8.1"/>
      </properties>
      <testcase name="Test Cases/TC4_FilterOption" classname="Test Cases/TC4_FilterOption" status="PASSED">
         <system-out><![CDATA[2019-02-20 17:55:04 - [TEST_CASE][PASSED] - Test Cases/TC4_FilterOption: Test Cases/TC4_FilterOption

2019-02-20 17:55:05 - [TEST_STEP][PASSED] - openBrowser(""): Browser is opened with url: ''

2019-02-20 17:55:06 - [MESSAGE][INFO] - Starting 'Firefox' driver

2019-02-20 17:55:06 - [MESSAGE][INFO] - Action delay is set to 0 seconds

2019-02-20 17:55:14 - [MESSAGE][PASSED] - Browser is opened with url: ''

2019-02-20 17:55:14 - [TEST_STEP][PASSED] - navigateToUrl("http://automationpractice.com/index.php?id_category=3&controller=category"): Navigate to 'http://automationpractice.com/index.php?id_category=3&controller=category' successfully

2019-02-20 17:55:23 - [MESSAGE][PASSED] - Navigate to 'http://automationpractice.com/index.php?id_category=3&controller=category' successfully

2019-02-20 17:55:23 - [TEST_STEP][PASSED] - delay(3): Delayed 3 second(s)

2019-02-20 17:55:26 - [MESSAGE][PASSED] - Delayed 3 second(s)

2019-02-20 17:55:26 - [TEST_STEP][PASSED] - click(findTestObject("Object Repository/FilterObjects/Page_Women - My Store/input_Categories_layered_categ (1)")): Object: 'Object Repository/FilterObjects/Page_Women - My Store/input_Categories_layered_categ (1)' is clicked on

2019-02-20 17:55:27 - [MESSAGE][PASSED] - Object: 'Object Repository/FilterObjects/Page_Women - My Store/input_Categories_layered_categ (1)' is clicked on

2019-02-20 17:55:27 - [TEST_STEP][PASSED] - click(findTestObject("Object Repository/FilterObjects/Page_Women - My Store/input_(7)_layered_id_attribute (1)")): Object: 'Object Repository/FilterObjects/Page_Women - My Store/input_(7)_layered_id_attribute (1)' is clicked on

2019-02-20 17:55:27 - [MESSAGE][PASSED] - Object: 'Object Repository/FilterObjects/Page_Women - My Store/input_(7)_layered_id_attribute (1)' is clicked on

2019-02-20 17:55:27 - [TEST_STEP][PASSED] - delay(5): Delayed 5 second(s)

2019-02-20 17:55:32 - [MESSAGE][PASSED] - Delayed 5 second(s)]]></system-out>
         <system-err><![CDATA[]]></system-err>
      </testcase>
      <testcase name="Test Cases/TC3_AddToCart - Copy" classname="Test Cases/TC3_AddToCart - Copy" status="PASSED">
         <system-out><![CDATA[2019-02-20 17:55:34 - [TEST_CASE][PASSED] - Test Cases/TC3_AddToCart - Copy: Test Cases/TC3_AddToCart - Copy

2019-02-20 17:55:35 - [TEST_STEP][PASSED] - driver = getWebDriver(): null

2019-02-20 17:55:35 - [TEST_STEP][PASSED] - baseUrl = "https://www.katalon.com/": null

2019-02-20 17:55:35 - [TEST_STEP][PASSED] - selenium = new com.thoughtworks.selenium.webdriven.WebDriverBackedSelenium(driver, baseUrl): null

2019-02-20 17:55:35 - [TEST_STEP][PASSED] - scrollToPosition(0, 800): Browser is scrolled to position x = 0, y = 800

2019-02-20 17:55:35 - [MESSAGE][PASSED] - Browser is scrolled to position x = 0, y = 800

2019-02-20 17:55:35 - [TEST_STEP][PASSED] - old_pos = 800: null

2019-02-20 17:55:35 - [TEST_STEP][PASSED] - j = 400: null

2019-02-20 17:55:35 - [TEST_STEP][PASSED] - i = 1: null

2019-02-20 17:55:35 - [TEST_STEP][PASSED] - frame = new javax.swing.JFrame(User loop): null

2019-02-20 17:55:36 - [TEST_STEP][PASSED] - frame.requestFocus(): null

2019-02-20 17:55:36 - [TEST_STEP][PASSED] - loop = Integer.parseInt(JOptionPane.showInputDialog(frame, "Enter the loop")): null

2019-02-20 17:55:41 - [TEST_STEP][PASSED] - delay(6): Delayed 6 second(s)

2019-02-20 17:55:47 - [MESSAGE][PASSED] - Delayed 6 second(s)

2019-02-20 17:55:47 - [TEST_STEP][PASSED] - for (def index : (1..loop)): null

2019-02-20 17:55:47 - [TEST_STEP][PASSED] - if (index % i + 3 == 0): null

2019-02-20 17:55:47 - [TEST_STEP][PASSED] - delay(5): Delayed 5 second(s)

2019-02-20 17:55:52 - [MESSAGE][PASSED] - Delayed 5 second(s)

2019-02-20 17:55:52 - [TEST_STEP][PASSED] - selenium.click("xpath=(.//*[normalize-space(text()) and normalize-space(.)='More'])[" + index + "]/preceding::span[1]"): null

2019-02-20 17:55:53 - [TEST_STEP][PASSED] - delay(3): Delayed 3 second(s)

2019-02-20 17:55:56 - [MESSAGE][PASSED] - Delayed 3 second(s)

2019-02-20 17:55:56 - [TEST_STEP][PASSED] - selenium.click("xpath=(.//*[normalize-space(text()) and normalize-space(.)='Categories'])[1]/preceding::span[2]"): null

2019-02-20 17:55:56 - [TEST_STEP][PASSED] - if (index % i + 3 == 0): null

2019-02-20 17:55:56 - [TEST_STEP][PASSED] - delay(5): Delayed 5 second(s)

2019-02-20 17:56:01 - [MESSAGE][PASSED] - Delayed 5 second(s)

2019-02-20 17:56:01 - [TEST_STEP][PASSED] - selenium.click("xpath=(.//*[normalize-space(text()) and normalize-space(.)='More'])[" + index + "]/preceding::span[1]"): null

2019-02-20 17:56:01 - [TEST_STEP][PASSED] - delay(3): Delayed 3 second(s)

2019-02-20 17:56:04 - [MESSAGE][PASSED] - Delayed 3 second(s)

2019-02-20 17:56:04 - [TEST_STEP][PASSED] - selenium.click("xpath=(.//*[normalize-space(text()) and normalize-space(.)='Categories'])[1]/preceding::span[2]"): null

2019-02-20 17:56:05 - [TEST_STEP][PASSED] - scrollToPosition(0, 0): Browser is scrolled to position x = 0, y = 0

2019-02-20 17:56:05 - [MESSAGE][PASSED] - Browser is scrolled to position x = 0, y = 0

2019-02-20 17:56:05 - [TEST_STEP][PASSED] - click(findTestObject("AddToCartObjects/CartClick")): Object: 'Object Repository/AddToCartObjects/CartClick' is clicked on

2019-02-20 17:56:07 - [MESSAGE][PASSED] - Object: 'Object Repository/AddToCartObjects/CartClick' is clicked on

2019-02-20 17:56:07 - [TEST_STEP][PASSED] - for (def index1 : (1..loop)): Delayed 3 second(s)

2019-02-20 17:56:07 - [TEST_STEP][PASSED] - selenium.click("xpath= /html/body/div/div[2]/div/div[3]/div/div[2]/table/tbody/tr[1]/td[7]/div/a/i"): null

2019-02-20 17:56:07 - [TEST_STEP][PASSED] - delay(3): Delayed 3 second(s)

2019-02-20 17:56:10 - [MESSAGE][PASSED] - Delayed 3 second(s)

2019-02-20 17:56:10 - [TEST_STEP][PASSED] - selenium.click("xpath= /html/body/div/div[2]/div/div[3]/div/div[2]/table/tbody/tr[1]/td[7]/div/a/i"): null

2019-02-20 17:56:11 - [TEST_STEP][PASSED] - delay(3): Delayed 3 second(s)

2019-02-20 17:56:14 - [MESSAGE][PASSED] - Delayed 3 second(s)]]></system-out>
         <system-err><![CDATA[]]></system-err>
      </testcase>
      <system-out><![CDATA[2019-02-20 17:55:04 - [TEST_SUITE][PASSED] - TC2: Test Cases/TC3_AddToCart - Copy]]></system-out>
      <system-err><![CDATA[]]></system-err>
   </testsuite>
</testsuites>
